Array
(
)
Array
(
)
Array
(
)
Array
(
)
Array
(
    [order_id] => order_PrFPmO6tmTlwhe
    [payment_id] => pay_PrFPy0TMmfjHnR
    [amount] => 60000
    [maintenance_id] => 1
)
Array
(
    [order_id] => order_PrFoxsiukUOLm7
    [payment_id] => pay_PrFpCqCGfIeCcy
    [amount] => 70000
    [maintenance_id] => 5
)
Array
(
    [order_id] => order_PrXsD9DKu2RJZN
    [payment_id] => pay_PrXsVr5WRUQ8fw
    [amount] => 60000
    [maintenance_id] => 5112
)
Array
(
    [order_id] => order_PrXtQKzczi1pPh
    [payment_id] => pay_PrXtbbtsLW9l1P
    [amount] => 60000
    [maintenance_id] => 4
)
Array
(
    [order_id] => order_Ps54bTQlJWYuE2
    [payment_id] => pay_Ps56iByboiC2NC
    [amount] => 70000
    [maintenance_id] => 7
)
