Array
(
)
Array
(
)
Array
(
)
Array
(
)
Array
(
    [order_id] => order_PrFPmO6tmTlwhe
    [payment_id] => pay_PrFPy0TMmfjHnR
    [amount] => 60000
    [maintenance_id] => 1
)
Array
(
    [order_id] => order_PrFoxsiukUOLm7
    [payment_id] => pay_PrFpCqCGfIeCcy
    [amount] => 70000
    [maintenance_id] => 5
)
Array
(
    [order_id] => order_Ps4AlslTvLqgw4
    [payment_id] => pay_Ps4AvM5Ihv65dh
    [amount] => 105000
    [maintenance_id] => 6
)
Array
(
    [order_id] => order_Ps4HjDFlDj2kMV
    [payment_id] => pay_Ps4HuJmKKZuCve
    [amount] => 70000
    [maintenance_id] => 10
)
Array
(
    [order_id] => order_PsJYZE2P5D99va
    [payment_id] => pay_PsJYpM4K7E3edP
    [amount] => 105000
    [maintenance_id] => 8
)
Array
(
    [order_id] => order_PsTTQcxWMy9g3M
    [payment_id] => pay_PsTU16WXCGyiVo
    [amount] => 105000
    [maintenance_id] => 11
)
Array
(
    [order_id] => order_PtF1wiokPWtgu3
    [payment_id] => pay_PtF4GJIsvlUhqL
    [amount] => 50000
    [maintenance_id] => 9
)
Array
(
    [order_id] => order_PtF87gVVIVOw4K
    [payment_id] => pay_PtFN5FcbN08Ga7
    [amount] => 50000
    [maintenance_id] => 12
)
Array
(
    [order_id] => order_PtFSMiKpq7oUoV
    [payment_id] => pay_PtFSfyVoHR9AEp
    [amount] => 105000
    [maintenance_id] => 13
)
Array
(
    [order_id] => order_PtGhegBQAm22Hy
    [payment_id] => pay_PtGi0nkU7Udksk
    [amount] => 70000
    [maintenance_id] => 15
)
Array
(
    [order_id] => order_PtIKdO479wzflH
    [payment_id] => pay_PtIKwg1emJXEbV
    [amount] => 50000
    [maintenance_id] => 14
)
Array
(
    [order_id] => order_PwSbIVw3Kp1Gt3
    [payment_id] => pay_PwSd1poKvjy7nx
    [amount] => 70000
    [maintenance_id] => 16
)
